This is pdfTeX, Version 3.1415926-2.3-1.40.12 (MiKTeX 2.9) (preloaded format=pdflatex 2011.6.14)  25 MAY 2012 20:14
entering extended mode
**//d/dfs/users/all/chdorn/private/Desktop/ChickenDilemmaFriday/reportTemplate.
tex

(//d/dfs/users/all/chdorn/private/Desktop/ChickenDilemmaFriday/reportTemplate.t
ex
LaTeX2e <2009/09/24>
Babel <v3.8l> and hyphenation patterns for english, afrikaans, ancientgreek, ar
abic, armenian, assamese, basque, bengali, bokmal, bulgarian, catalan, coptic, 
croatian, czech, danish, dutch, esperanto, estonian, farsi, finnish, french, ga
lician, german, german-x-2009-06-19, greek, gujarati, hindi, hungarian, iceland
ic, indonesian, interlingua, irish, italian, kannada, kurmanji, lao, latin, lat
vian, lithuanian, malayalam, marathi, mongolian, mongolianlmc, monogreek, ngerm
an, ngerman-x-2009-06-19, nynorsk, oriya, panjabi, pinyin, polish, portuguese, 
romanian, russian, sanskrit, serbian, slovak, slovenian, spanish, swedish, swis
sgerman, tamil, telugu, turkish, turkmen, ukenglish, ukrainian, uppersorbian, u
senglishmax, welsh, loaded.
("C:\Program Files\MiKTeX 2.9\tex\latex\base\article.cls"
Document Class: article 2007/10/19 v1.4h Standard LaTeX document class
("C:\Program Files\MiKTeX 2.9\tex\latex\base\size11.clo"
File: size11.clo 2007/10/19 v1.4h Standard LaTeX file (size option)
)
\c@part=\count79
\c@section=\count80
\c@subsection=\count81
\c@subsubsection=\count82
\c@paragraph=\count83
\c@subparagraph=\count84
\c@figure=\count85
\c@table=\count86
\abovecaptionskip=\skip41
\belowcaptionskip=\skip42
\bibindent=\dimen102
)
("C:\Program Files\MiKTeX 2.9\tex\latex\geometry\geometry.sty"
Package: geometry 2010/09/12 v5.6 Page Geometry

("C:\Program Files\MiKTeX 2.9\tex\latex\graphics\keyval.sty"
Package: keyval 1999/03/16 v1.13 key=value parser (DPC)
\KV@toks@=\toks14
)
("C:\Program Files\MiKTeX 2.9\tex\generic\oberdiek\ifpdf.sty"
Package: ifpdf 2011/01/30 v2.3 Provides the ifpdf switch (HO)
Package ifpdf Info: pdfTeX in PDF mode is detected.
)
("C:\Program Files\MiKTeX 2.9\tex\generic\oberdiek\ifvtex.sty"
Package: ifvtex 2010/03/01 v1.5 Switches for detecting VTeX and its modes (HO)
Package ifvtex Info: VTeX not detected.
)
("C:\Program Files\MiKTeX 2.9\tex\generic\ifxetex\ifxetex.sty"
Package: ifxetex 2010/09/12 v0.6 Provides ifxetex conditional
)
\Gm@cnth=\count87
\Gm@cntv=\count88
\c@Gm@tempcnt=\count89
\Gm@bindingoffset=\dimen103
\Gm@wd@mp=\dimen104
\Gm@odd@mp=\dimen105
\Gm@even@mp=\dimen106
\Gm@layoutwidth=\dimen107
\Gm@layoutheight=\dimen108
\Gm@layouthoffset=\dimen109
\Gm@layoutvoffset=\dimen110
\Gm@dimlist=\toks15

("C:\Program Files\MiKTeX 2.9\tex\latex\geometry\geometry.cfg"))
("C:\Program Files\MiKTeX 2.9\tex\latex\microtype\microtype.sty"
Package: microtype 2010/01/10 v2.4 Micro-typography with pdfTeX (RS)
\MT@toks=\toks16
\MT@count=\count90
LaTeX Info: Redefining \lsstyle on input line 1597.
LaTeX Info: Redefining \lslig on input line 1597.
\MT@outer@space=\skip43
LaTeX Info: Redefining \textls on input line 1605.
\MT@outer@kern=\dimen111
LaTeX Info: Redefining \textmicrotypecontext on input line 2156.
Package microtype Info: Loading configuration file microtype.cfg.

("C:\Program Files\MiKTeX 2.9\tex\latex\microtype\microtype.cfg"
File: microtype.cfg 2010/01/10 v2.4 microtype main configuration file (RS)
))
("C:\Program Files\MiKTeX 2.9\tex\latex\ams\math\amsmath.sty"
Package: amsmath 2000/07/18 v2.13 AMS math features
\@mathmargin=\skip44

For additional information on amsmath, use the `?' option.
("C:\Program Files\MiKTeX 2.9\tex\latex\ams\math\amstext.sty"
Package: amstext 2000/06/29 v2.01

("C:\Program Files\MiKTeX 2.9\tex\latex\ams\math\amsgen.sty"
File: amsgen.sty 1999/11/30 v2.0
\@emptytoks=\toks17
\ex@=\dimen112
))
("C:\Program Files\MiKTeX 2.9\tex\latex\ams\math\amsbsy.sty"
Package: amsbsy 1999/11/29 v1.2d
\pmbraise@=\dimen113
)
("C:\Program Files\MiKTeX 2.9\tex\latex\ams\math\amsopn.sty"
Package: amsopn 1999/12/14 v2.01 operator names
)
\inf@bad=\count91
LaTeX Info: Redefining \frac on input line 211.
\uproot@=\count92
\leftroot@=\count93
LaTeX Info: Redefining \overline on input line 307.
\classnum@=\count94
\DOTSCASE@=\count95
LaTeX Info: Redefining \ldots on input line 379.
LaTeX Info: Redefining \dots on input line 382.
LaTeX Info: Redefining \cdots on input line 467.
\Mathstrutbox@=\box26
\strutbox@=\box27
\big@size=\dimen114
LaTeX Font Info:    Redeclaring font encoding OML on input line 567.
LaTeX Font Info:    Redeclaring font encoding OMS on input line 568.
\macc@depth=\count96
\c@MaxMatrixCols=\count97
\dotsspace@=\muskip10
\c@parentequation=\count98
\dspbrk@lvl=\count99
\tag@help=\toks18
\row@=\count100
\column@=\count101
\maxfields@=\count102
\andhelp@=\toks19
\eqnshift@=\dimen115
\alignsep@=\dimen116
\tagshift@=\dimen117
\tagwidth@=\dimen118
\totwidth@=\dimen119
\lineht@=\dimen120
\@envbody=\toks20
\multlinegap=\skip45
\multlinetaggap=\skip46
\mathdisplay@stack=\toks21
LaTeX Info: Redefining \[ on input line 2666.
LaTeX Info: Redefining \] on input line 2667.
)
("C:\Program Files\MiKTeX 2.9\tex\latex\graphics\graphicx.sty"
Package: graphicx 1999/02/16 v1.0f Enhanced LaTeX Graphics (DPC,SPQR)

("C:\Program Files\MiKTeX 2.9\tex\latex\graphics\graphics.sty"
Package: graphics 2009/02/05 v1.0o Standard LaTeX Graphics (DPC,SPQR)

("C:\Program Files\MiKTeX 2.9\tex\latex\graphics\trig.sty"
Package: trig 1999/03/16 v1.09 sin cos tan (DPC)
)
("C:\Program Files\MiKTeX 2.9\tex\latex\00miktex\graphics.cfg"
File: graphics.cfg 2007/01/18 v1.5 graphics configuration of teTeX/TeXLive
)
Package graphics Info: Driver file: pdftex.def on input line 91.

("C:\Program Files\MiKTeX 2.9\tex\latex\pdftex-def\pdftex.def"
File: pdftex.def 2011/05/27 v0.06d Graphics/color for pdfTeX

("C:\Program Files\MiKTeX 2.9\tex\generic\oberdiek\infwarerr.sty"
Package: infwarerr 2010/04/08 v1.3 Providing info/warning/message (HO)
)
("C:\Program Files\MiKTeX 2.9\tex\generic\oberdiek\ltxcmds.sty"
Package: ltxcmds 2011/04/18 v1.20 LaTeX kernel commands for general use (HO)
)
\Gread@gobject=\count103
))
\Gin@req@height=\dimen121
\Gin@req@width=\dimen122
)
("C:\Program Files\MiKTeX 2.9\tex\latex\amsfonts\amssymb.sty"
Package: amssymb 2009/06/22 v3.00

("C:\Program Files\MiKTeX 2.9\tex\latex\amsfonts\amsfonts.sty"
Package: amsfonts 2009/06/22 v3.00 Basic AMSFonts support
\symAMSa=\mathgroup4
\symAMSb=\mathgroup5
LaTeX Font Info:    Overwriting math alphabet `\mathfrak' in version `bold'
(Font)                  U/euf/m/n --> U/euf/b/n on input line 96.
))
("C:\Program Files\MiKTeX 2.9\tex\latex\oberdiek\epstopdf.sty"
Package: epstopdf 2010/02/09 v2.5 Conversion with epstopdf on the fly (HO)

("C:\Program Files\MiKTeX 2.9\tex\latex\oberdiek\epstopdf-base.sty"
Package: epstopdf-base 2010/02/09 v2.5 Base part for package epstopdf

("C:\Program Files\MiKTeX 2.9\tex\latex\oberdiek\grfext.sty"
Package: grfext 2010/08/19 v1.1 Managing graphics extensions (HO)

("C:\Program Files\MiKTeX 2.9\tex\generic\oberdiek\kvdefinekeys.sty"
Package: kvdefinekeys 2011/04/07 v1.3 Defining keys (HO)
))
("C:\Program Files\MiKTeX 2.9\tex\latex\oberdiek\kvoptions.sty"
Package: kvoptions 2010/12/23 v3.10 Keyval support for LaTeX options (HO)

("C:\Program Files\MiKTeX 2.9\tex\generic\oberdiek\kvsetkeys.sty"
Package: kvsetkeys 2011/04/07 v1.13 Key value parser (HO)

("C:\Program Files\MiKTeX 2.9\tex\generic\oberdiek\etexcmds.sty"
Package: etexcmds 2011/02/16 v1.5 Prefix for e-TeX command names (HO)

("C:\Program Files\MiKTeX 2.9\tex\generic\oberdiek\ifluatex.sty"
Package: ifluatex 2010/03/01 v1.3 Provides the ifluatex switch (HO)
Package ifluatex Info: LuaTeX not detected.
)
Package etexcmds Info: Could not find \expanded.
(etexcmds)             That can mean that you are not using pdfTeX 1.50 or
(etexcmds)             that some package has redefined \expanded.
(etexcmds)             In the latter case, load this package earlier.
)))
("C:\Program Files\MiKTeX 2.9\tex\generic\oberdiek\pdftexcmds.sty"
Package: pdftexcmds 2011/04/22 v0.16 Utilities of pdfTeX for LuaTeX (HO)
Package pdftexcmds Info: LuaTeX not detected.
Package pdftexcmds Info: \pdf@primitive is available.
Package pdftexcmds Info: \pdf@ifprimitive is available.
Package pdftexcmds Info: \pdfdraftmode found.
)
Package grfext Info: Graphics extension search list:
(grfext)             [.png,.pdf,.jpg,.mps,.jpeg,.jbig2,.jb2,.PNG,.PDF,.JPG,.JPE
G,.JBIG2,.JB2,.eps]
(grfext)             \AppendGraphicsExtensions on input line 452.
))
("C:\Program Files\MiKTeX 2.9\tex\latex\natbib\natbib.sty"
Package: natbib 2010/09/13 8.31b (PWD, AO)
\bibhang=\skip47
\bibsep=\skip48
LaTeX Info: Redefining \cite on input line 694.
\c@NAT@ctr=\count104
)
(\\d\dfs\users\all\chdorn\private\Desktop\ChickenDilemmaFriday\reportTemplate.a
ux)
LaTeX Font Info:    Checking defaults for OML/cmm/m/it on input line 18.
LaTeX Font Info:    ... okay on input line 18.
LaTeX Font Info:    Checking defaults for T1/cmr/m/n on input line 18.
LaTeX Font Info:    ... okay on input line 18.
LaTeX Font Info:    Checking defaults for OT1/cmr/m/n on input line 18.
LaTeX Font Info:    ... okay on input line 18.
LaTeX Font Info:    Checking defaults for OMS/cmsy/m/n on input line 18.
LaTeX Font Info:    ... okay on input line 18.
LaTeX Font Info:    Checking defaults for OMX/cmex/m/n on input line 18.
LaTeX Font Info:    ... okay on input line 18.
LaTeX Font Info:    Checking defaults for U/cmr/m/n on input line 18.
LaTeX Font Info:    ... okay on input line 18.

*geometry* driver: auto-detecting
*geometry* detected driver: pdftex
*geometry* verbose mode - [ preamble ] result:
* driver: pdftex
* paper: letterpaper
* layout: <same size as paper>
* layoutoffset:(h,v)=(0.0pt,0.0pt)
* modes: 
* h-part:(L,W,R)=(92.14519pt, 430.00462pt, 92.14519pt)
* v-part:(T,H,B)=(95.39737pt, 556.47656pt, 143.09605pt)
* \paperwidth=614.295pt
* \paperheight=794.96999pt
* \textwidth=430.00462pt
* \textheight=556.47656pt
* \oddsidemargin=19.8752pt
* \evensidemargin=19.8752pt
* \topmargin=-13.87262pt
* \headheight=12.0pt
* \headsep=25.0pt
* \topskip=11.0pt
* \footskip=30.0pt
* \marginparwidth=59.0pt
* \marginparsep=10.0pt
* \columnsep=10.0pt
* \skip\footins=10.0pt plus 4.0pt minus 2.0pt
* \hoffset=0.0pt
* \voffset=0.0pt
* \mag=1000
* \@twocolumnfalse
* \@twosidefalse
* \@mparswitchfalse
* \@reversemarginfalse
* (1in=72.27pt=25.4mm, 1cm=28.453pt)

LaTeX Info: Redefining \microtypecontext on input line 18.
Package microtype Info: Generating PDF output.
Package microtype Info: Character protrusion enabled (level 2).
Package microtype Info: Using default protrusion set `alltext'.
Package microtype Info: Automatic font expansion enabled (level 2),
(microtype)             stretch: 20, shrink: 20, step: 1, non-selected.
Package microtype Info: Using default expansion set `basictext'.
Package microtype Info: No tracking.
Package microtype Info: No adjustment of interword spacing.
Package microtype Info: No adjustment of character kerning.
("C:\Program Files\MiKTeX 2.9\tex\latex\microtype\mt-cmr.cfg"
File: mt-cmr.cfg 2009/11/09 v2.0 microtype config. file: Computer Modern Roman 
(RS)
)
("C:\Program Files\MiKTeX 2.9\tex\context\base\supp-pdf.mkii"
[Loading MPS to PDF converter (version 2006.09.02).]
\scratchcounter=\count105
\scratchdimen=\dimen123
\scratchbox=\box28
\nofMPsegments=\count106
\nofMParguments=\count107
\everyMPshowfont=\toks22
\MPscratchCnt=\count108
\MPscratchDim=\dimen124
\MPnumerator=\count109
\makeMPintoPDFobject=\count110
\everyMPtoPDFconversion=\toks23
) (\\d\dfs\users\all\chdorn\private\Desktop\ChickenDilemmaFriday\cover.tex
<ETHlogo.pdf, id=1, 179.67125pt x 45.16875pt>
File: ETHlogo.pdf Graphic file (type pdf)
 <use ETHlogo.pdf>
Package pdftex.def Info: ETHlogo.pdf used on input line 5.
(pdftex.def)             Requested size: 142.26378pt x 35.76698pt.
LaTeX Font Info:    Try loading font information for U+msa on input line 34.

("C:\Program Files\MiKTeX 2.9\tex\latex\amsfonts\umsa.fd"
File: umsa.fd 2009/06/22 v3.00 AMS symbols A
)
("C:\Program Files\MiKTeX 2.9\tex\latex\microtype\mt-msa.cfg"
File: mt-msa.cfg 2006/02/04 v1.1 microtype config. file: AMS symbols (a) (RS)
)
LaTeX Font Info:    Try loading font information for U+msb on input line 34.

("C:\Program Files\MiKTeX 2.9\tex\latex\amsfonts\umsb.fd"
File: umsb.fd 2009/06/22 v3.00 AMS symbols B
)
("C:\Program Files\MiKTeX 2.9\tex\latex\microtype\mt-msb.cfg"
File: mt-msb.cfg 2005/06/01 v1.0 microtype config. file: AMS symbols (b) (RS)
)) [1

{C:/ProgramData/MiKTeX/2.9/pdftex/config/pdftex.map} <//d/dfs/users/all/chdorn/
private/Desktop/ChickenDilemmaFriday/ETHlogo.pdf>]
Overfull \hbox (5.3226pt too wide) in paragraph at lines 44--62
 [] 
 []

[2]
(\\d\dfs\users\all\chdorn\private\Desktop\ChickenDilemmaFriday\reportTemplate.t
oc)
\tf@toc=\write3
 [3] [4]
LaTeX Font Info:    Try loading font information for OMS+cmr on input line 109.

 ("C:\Program Files\MiKTeX 2.9\tex\latex\base\omscmr.fd"
File: omscmr.fd 1999/05/25 v2.5h Standard LaTeX font definitions
)
LaTeX Font Info:    Font shape `OMS/cmr/m/n' in size <12> not available
(Font)              Font shape `OMS/cmsy/m/n' tried instead on input line 109.
 [5]
Underfull \hbox (badness 10000) in paragraph at lines 194--198

 []

[6] [7] [8] [9] [10]
Overfull \hbox (18.91809pt too wide) in paragraph at lines 378--378
[]                            \OT1/cmtt/m/n/12 changepA = x1/(sqrt(x1^2 + x2^2 
+ x3^2)*100);[] 
 []


Overfull \hbox (18.91809pt too wide) in paragraph at lines 378--378
[]                            \OT1/cmtt/m/n/12 changepB = x2/(sqrt(x1^2 + x2^2 
+ x3^2)*100);[] 
 []

[11]
Overfull \hbox (18.91809pt too wide) in paragraph at lines 378--378
[]                            \OT1/cmtt/m/n/12 changepC = x3/(sqrt(x1^2 + x2^2 
+ x3^2)*100);[] 
 []


Underfull \hbox (badness 10000) in paragraph at lines 380--382

 []

[12] [13] [14] [15]
Overfull \hbox (80.66812pt too wide) in paragraph at lines 592--592
[]            \OT1/cmtt/m/n/12 [LastScoreA, LastScoreB]=playfunction(mDecision(
i,j),mDecision(ig,jg));[] 
 []

[16]
Overfull \hbox (170.82317pt too wide) in paragraph at lines 592--592
[]                   \OT1/cmtt/m/n/12 NeighDecValtime = NeighDecValtime + mDeci
sion(i2,j2) +LastDecision(i2,j2) + ...[] 
 []


Overfull \hbox (247.3932pt too wide) in paragraph at lines 592--592
[]                                                  \OT1/cmtt/m/n/12 ... + Last
LastDecision(i2,j2) + LastLastLastDecision(i2,j2);[] 
 []


Overfull \hbox (133.77315pt too wide) in paragraph at lines 592--592
[] \OT1/cmtt/m/n/12 [mAspiration(i,j),mProbCoop(i,j),mDecision(i,j),LastDecisio
n(i,j),LastLastDecision(i,j),...[] 
 []


Overfull \hbox (73.25812pt too wide) in paragraph at lines 592--592
[]\OT1/cmtt/m/n/12 ...,LastLastLastDecision(i,j)]=updatefunction(mAspiration(i,
j),mProbCoop(i,j),...,[] 
 []


Overfull \hbox (65.84811pt too wide) in paragraph at lines 592--592
[]\OT1/cmtt/m/n/12 ...,mLastScore(i,j),NeighDecValA,NumberOfNeighA,mStrategy(i,
j),mDecision(i,j),...[] 
 []


Overfull \hbox (55.96811pt too wide) in paragraph at lines 592--592
[]\OT1/cmtt/m/n/12 ...,LastDecision(i,j),LastLastDecision(i,j),NumberOfNeightim
e,NeighDecValtime);[] 
 []

[17]
Overfull \hbox (84.37312pt too wide) in paragraph at lines 643--643
[]\OT1/cmtt/m/n/12 function[mPayoff,NGrid,NPlayer,mAspiration,mProbCoop,mScore,
mLastScore,mDecision,...[] 
 []


Overfull \hbox (34.9731pt too wide) in paragraph at lines 643--643
[]\OT1/cmtt/m/n/12 ...,mNeigh,mStrategy,LastDecision,LastLastDecision,LastLastL
astDecision]=...[] 
 []


Overfull \hbox (31.8856pt too wide) in paragraph at lines 643--643
[]\OT1/cmtt/m/n/12 ...=Initialization(IniAspiration,IniProbCoop,IniDecision,Ini
Strategy,NGrid)[] 
 []


Overfull \hbox (63.99562pt too wide) in paragraph at lines 643--643
[]\OT1/cmtt/m/n/12 mPayoff=[R T; S P]; %![bothCooperate,temptationToDefect;suck
erPayoff,bothDefect][] 
 []


Overfull \hbox (82.21188pt too wide) in paragraph at lines 643--643
[]\OT1/cmtt/m/n/12 [mAspiration]=initAsp(IniAspiration,NGrid); %Matrix with asp
irations of each player[] 
 []


Overfull \hbox (51.64561pt too wide) in paragraph at lines 643--643
[]\OT1/cmtt/m/n/12 mLastScore=zeros(NGrid,NGrid); %matrix with value of score o
f whole last round[] 
 []

[18]
Overfull \hbox (39.29561pt too wide) in paragraph at lines 643--643
[]\OT1/cmtt/m/n/12 mDecision=initDec(IniDecision,NGrid);%decisions: 1=Cooperati
on, 0=Deflection[] 
 []


Overfull \hbox (51.33687pt too wide) in paragraph at lines 664--664
[]\OT1/cmtt/m/n/12 %Asp=1: Here everybody has the mean of the payoff matrix as 
initial aspiration[] 
 []

[19] [20]
Overfull \hbox (133.77315pt too wide) in paragraph at lines 748--748
[]\OT1/cmtt/m/n/12 function [Aspiration,ProbCoop,Decision]=updatefunction(Initi
alAspiration,InitialProbCoop,...[] 
 []


Overfull \hbox (45.47061pt too wide) in paragraph at lines 748--748
[]    \OT1/cmtt/m/n/12 Stimulus=(LastPayoff-InitialAspiration)/max(X); %%Calcul
ation of stimulus[] 
 []


Overfull \hbox (80.66812pt too wide) in paragraph at lines 748--748
[]    \OT1/cmtt/m/n/12 h=0.5; %h is the degree to which the aspiration level fl
oats toward the payoff;[] 
 []

[21] <ReplicatorDynamics2Dimensions.pdf, id=83, 156.585pt x 156.585pt>
File: ReplicatorDynamics2Dimensions.pdf Graphic file (type pdf)

<use ReplicatorDynamics2Dimensions.pdf>
Package pdftex.def Info: ReplicatorDynamics2Dimensions.pdf used on input line 7
61.
(pdftex.def)             Requested size: 234.8769pt x 234.8769pt.

Underfull \hbox (badness 10000) in paragraph at lines 767--771

 []

[22 <//d/dfs/users/all/chdorn/private/Desktop/ChickenDilemmaFriday/ReplicatorDy
namics2Dimensions.pdf>] <PhaseDiagramm2D.pdf, id=91, 156.585pt x 156.585pt>
File: PhaseDiagramm2D.pdf Graphic file (type pdf)

<use PhaseDiagramm2D.pdf>
Package pdftex.def Info: PhaseDiagramm2D.pdf used on input line 787.
(pdftex.def)             Requested size: 234.8769pt x 234.8769pt.


LaTeX Warning: `h' float specifier changed to `ht'.


Underfull \hbox (badness 10000) in paragraph at lines 815--818

 []

<PhaseDiagramm2Da.pdf, id=92, 284.06125pt x 284.06125pt>
File: PhaseDiagramm2Da.pdf Graphic file (type pdf)

<use PhaseDiagramm2Da.pdf>
Package pdftex.def Info: PhaseDiagramm2Da.pdf used on input line 822.
(pdftex.def)             Requested size: 284.06053pt x 284.06053pt.


LaTeX Warning: `h' float specifier changed to `ht'.

[23] [24 <//d/dfs/users/all/chdorn/private/Desktop/ChickenDilemmaFriday/PhaseDi
agramm2D.pdf>] <PhaseDiagramm2Db.pdf, id=104, 284.06125pt x 284.06125pt>
File: PhaseDiagramm2Db.pdf Graphic file (type pdf)

<use PhaseDiagramm2Db.pdf>
Package pdftex.def Info: PhaseDiagramm2Db.pdf used on input line 862.
(pdftex.def)             Requested size: 284.06053pt x 284.06053pt.


LaTeX Warning: `h' float specifier changed to `ht'.

[25 <//d/dfs/users/all/chdorn/private/Desktop/ChickenDilemmaFriday/PhaseDiagram
m2Da.pdf>]
<ReplicatorDynamics3Dimensions2.pdf, id=112, 569.12625pt x 426.59375pt>
File: ReplicatorDynamics3Dimensions2.pdf Graphic file (type pdf)

<use ReplicatorDynamics3Dimensions2.pdf>
Package pdftex.def Info: ReplicatorDynamics3Dimensions2.pdf used on input line 
871.
(pdftex.def)             Requested size: 398.38567pt x 298.61357pt.


LaTeX Warning: `h' float specifier changed to `ht'.


Underfull \hbox (badness 10000) in paragraph at lines 877--880

 []

[26 <//d/dfs/users/all/chdorn/private/Desktop/ChickenDilemmaFriday/PhaseDiagram
m2Db.pdf>]
<ReplicatorDynamics3Dimensions1.pdf, id=119, 426.59375pt x 426.59375pt>
File: ReplicatorDynamics3Dimensions1.pdf Graphic file (type pdf)

<use ReplicatorDynamics3Dimensions1.pdf>
Package pdftex.def Info: ReplicatorDynamics3Dimensions1.pdf used on input line 
884.
(pdftex.def)             Requested size: 294.34999pt x 294.34999pt.

<ReplicatorDynamics3Dimensions3.pdf, id=120, 426.59375pt x 426.59375pt>
File: ReplicatorDynamics3Dimensions3.pdf Graphic file (type pdf)

<use ReplicatorDynamics3Dimensions3.pdf>
Package pdftex.def Info: ReplicatorDynamics3Dimensions3.pdf used on input line 
890.
(pdftex.def)             Requested size: 294.34999pt x 294.34999pt.


LaTeX Warning: Float too large for page by 139.08179pt on input line 894.


LaTeX Warning: `h' float specifier changed to `ht'.


Underfull \hbox (badness 10000) in paragraph at lines 897--900

 []

[27 <//d/dfs/users/all/chdorn/private/Desktop/ChickenDilemmaFriday/ReplicatorDy
namics3Dimensions2.pdf>]
<PhaseDiagramm3D.pdf, id=127, 483.8075pt x 483.8075pt>
File: PhaseDiagramm3D.pdf Graphic file (type pdf)

<use PhaseDiagramm3D.pdf>
Package pdftex.def Info: PhaseDiagramm3D.pdf used on input line 908.
(pdftex.def)             Requested size: 483.80632pt x 483.80632pt.

Overfull \hbox (53.8017pt too wide) in paragraph at lines 908--910
 [][] 
 []


LaTeX Warning: `h' float specifier changed to `ht'.

<ProbabilityDynamics1.pdf, id=128, 284.06125pt x 284.06125pt>
File: ProbabilityDynamics1.pdf Graphic file (type pdf)

<use ProbabilityDynamics1.pdf>
Package pdftex.def Info: ProbabilityDynamics1.pdf used on input line 922.
(pdftex.def)             Requested size: 284.06053pt x 284.06053pt.


LaTeX Warning: `h' float specifier changed to `ht'.

<ProbCoopwithtime1.pdf, id=129, 569.12625pt x 284.06125pt>
File: ProbCoopwithtime1.pdf Graphic file (type pdf)

<use ProbCoopwithtime1.pdf>
Package pdftex.def Info: ProbCoopwithtime1.pdf used on input line 948.
(pdftex.def)             Requested size: 455.30162pt x 227.24928pt.

Overfull \hbox (25.297pt too wide) in paragraph at lines 948--949
 [][] 
 []

<ProbabilityToCooperateInDiffRound19.pdf, id=130, 597.23125pt x 845.1575pt>
File: ProbabilityToCooperateInDiffRound19.pdf Graphic file (type pdf)

<use ProbabilityToCooperateInDiffRound19.pdf>
Package pdftex.def Info: ProbabilityToCooperateInDiffRound19.pdf used on input 
line 957.
(pdftex.def)             Requested size: 238.88826pt x 338.057pt.

<ProbabilityToCooperateInDiffRound20.pdf, id=131, 597.23125pt x 845.1575pt>
File: ProbabilityToCooperateInDiffRound20.pdf Graphic file (type pdf)

<use ProbabilityToCooperateInDiffRound20.pdf>
Package pdftex.def Info: ProbabilityToCooperateInDiffRound20.pdf used on input 
line 964.
(pdftex.def)             Requested size: 238.88826pt x 338.057pt.

<ProbCoopwithtime20.pdf, id=132, 569.12625pt x 284.06125pt>
File: ProbCoopwithtime20.pdf Graphic file (type pdf)

<use ProbCoopwithtime20.pdf>
Package pdftex.def Info: ProbCoopwithtime20.pdf used on input line 974.
(pdftex.def)             Requested size: 455.30162pt x 227.24928pt.

Overfull \hbox (25.297pt too wide) in paragraph at lines 974--975
 [][] 
 []

<ProbabilityToCooperateInDiffRound14.pdf, id=133, 569.12625pt x 569.12625pt>
File: ProbabilityToCooperateInDiffRound14.pdf Graphic file (type pdf)

<use ProbabilityToCooperateInDiffRound14.pdf>
Package pdftex.def Info: ProbabilityToCooperateInDiffRound14.pdf used on input 
line 985.
(pdftex.def)             Requested size: 341.47838pt x 341.47838pt.
 [28]
<ScoreAndProbcoopWithImagesc_0_1_31.pdf, id=137, 569.12625pt x 569.12625pt>
File: ScoreAndProbcoopWithImagesc_0_1_31.pdf Graphic file (type pdf)

<use ScoreAndProbcoopWithImagesc_0_1_31.pdf>
Package pdftex.def Info: ScoreAndProbcoopWithImagesc_0_1_31.pdf used on input l
ine 995.
(pdftex.def)             Requested size: 341.47838pt x 341.47838pt.

<ProbCoopwithtime35a.pdf, id=138, 569.12625pt x 284.06125pt>
File: ProbCoopwithtime35a.pdf Graphic file (type pdf)

<use ProbCoopwithtime35a.pdf>
Package pdftex.def Info: ProbCoopwithtime35a.pdf used on input line 1007.
(pdftex.def)             Requested size: 455.30162pt x 227.24928pt.

Overfull \hbox (25.297pt too wide) in paragraph at lines 1007--1008
 [][] 
 []

<ProbabilityToCooperateInDiffRound11.pdf, id=139, 569.12625pt x 569.12625pt>
File: ProbabilityToCooperateInDiffRound11.pdf Graphic file (type pdf)

<use ProbabilityToCooperateInDiffRound11.pdf>
Package pdftex.def Info: ProbabilityToCooperateInDiffRound11.pdf used on input 
line 1014.
(pdftex.def)             Requested size: 341.47838pt x 341.47838pt.

<ProbabilityToCooperateInDiffRound12.pdf, id=140, 569.12625pt x 569.12625pt>
File: ProbabilityToCooperateInDiffRound12.pdf Graphic file (type pdf)

<use ProbabilityToCooperateInDiffRound12.pdf>
Package pdftex.def Info: ProbabilityToCooperateInDiffRound12.pdf used on input 
line 1021.
(pdftex.def)             Requested size: 341.47838pt x 341.47838pt.

<ProbabilityToCooperateInDiffRound30.pdf, id=141, 853.1875pt x 853.1875pt>
File: ProbabilityToCooperateInDiffRound30.pdf Graphic file (type pdf)

<use ProbabilityToCooperateInDiffRound30.pdf>
Package pdftex.def Info: ProbabilityToCooperateInDiffRound30.pdf used on input 
line 1029.
(pdftex.def)             Requested size: 511.91646pt x 511.91646pt.

Overfull \hbox (81.91183pt too wide) in paragraph at lines 1029--1030
 [][] 
 []


LaTeX Warning: Float too large for page by 36.17741pt on input line 1032.

<ProbCoopwithtime30.pdf, id=142, 569.12625pt x 284.06125pt>
File: ProbCoopwithtime30.pdf Graphic file (type pdf)

<use ProbCoopwithtime30.pdf>
Package pdftex.def Info: ProbCoopwithtime30.pdf used on input line 1036.
(pdftex.def)             Requested size: 455.30162pt x 227.24928pt.

Overfull \hbox (25.297pt too wide) in paragraph at lines 1036--1037
 [][] 
 []

<ScoreAndProbcoopWithImagesc33.pdf, id=143, 569.12625pt x 569.12625pt>
File: ScoreAndProbcoopWithImagesc33.pdf Graphic file (type pdf)

<use ScoreAndProbcoopWithImagesc33.pdf>
Package pdftex.def Info: ScoreAndProbcoopWithImagesc33.pdf used on input line 1
045.
(pdftex.def)             Requested size: 341.47838pt x 341.47838pt.
 [29] [30] [31 <//d/dfs/users/all/chdorn/private/Desktop/ChickenDilemmaFriday/R
eplicatorDynamics3Dimensions1.pdf> <//d/dfs/users/all/chdorn/private/Desktop/Ch
ickenDilemmaFriday/ReplicatorDynamics3Dimensions3.pdf>] [32 <//d/dfs/users/all/
chdorn/private/Desktop/ChickenDilemmaFriday/PhaseDiagramm3D.pdf>] [33 <//d/dfs/
users/all/chdorn/private/Desktop/ChickenDilemmaFriday/ProbabilityDynamics1.pdf>
] [34 <//d/dfs/users/all/chdorn/private/Desktop/ChickenDilemmaFriday/ProbCoopwi
thtime1.pdf>] [35 <//d/dfs/users/all/chdorn/private/Desktop/ChickenDilemmaFrida
y/ProbabilityToCooperateInDiffRound19.pdf, page is rotated 180 degrees>] [36 </
/d/dfs/users/all/chdorn/private/Desktop/ChickenDilemmaFriday/ProbabilityToCoope
rateInDiffRound20.pdf, page is rotated 180 degrees>] [37 <//d/dfs/users/all/chd
orn/private/Desktop/ChickenDilemmaFriday/ProbCoopwithtime20.pdf>] [38 <//d/dfs/
users/all/chdorn/private/Desktop/ChickenDilemmaFriday/ProbabilityToCooperateInD
iffRound14.pdf, page is rotated 90 degrees>] [39 <//d/dfs/users/all/chdorn/priv
ate/Desktop/ChickenDilemmaFriday/ScoreAndProbcoopWithImagesc_0_1_31.pdf>] [40 <
//d/dfs/users/all/chdorn/private/Desktop/ChickenDilemmaFriday/ProbCoopwithtime3
5a.pdf>] [41 <//d/dfs/users/all/chdorn/private/Desktop/ChickenDilemmaFriday/Pro
babilityToCooperateInDiffRound11.pdf, page is rotated 90 degrees>] [42 <//d/dfs
/users/all/chdorn/private/Desktop/ChickenDilemmaFriday/ProbabilityToCooperateIn
DiffRound12.pdf, page is rotated 90 degrees>] [43 <//d/dfs/users/all/chdorn/pri
vate/Desktop/ChickenDilemmaFriday/ProbabilityToCooperateInDiffRound30.pdf, page
 is rotated 90 degrees>] [44 <//d/dfs/users/all/chdorn/private/Desktop/ChickenD
ilemmaFriday/ProbCoopwithtime30.pdf>]
[45 <//d/dfs/users/all/chdorn/private/Desktop/ChickenDilemmaFriday/ScoreAndProb
coopWithImagesc33.pdf>]
(\\d\dfs\users\all\chdorn\private\Desktop\ChickenDilemmaFriday\reportTemplate.a
ux) ) 
Here is how much of TeX's memory you used:
 4938 strings out of 494049
 73321 string characters out of 3148531
 175994 words of memory out of 3000000
 7994 multiletter control sequences out of 15000+200000
 17743 words of font info for 124 fonts, out of 3000000 for 9000
 715 hyphenation exceptions out of 8191
 42i,15n,35p,1008b,271s stack positions out of 5000i,500n,10000p,200000b,50000s
<C:/Program Files/MiKTeX 2.9/fonts/type1/public/amsfonts/cm/cmbx10.pfb><C:
/Program Files/MiKTeX 2.9/fonts/type1/public/amsfonts/cm/cmbx12.pfb><C:/Program
 Files/MiKTeX 2.9/fonts/type1/public/amsfonts/cm/cmex10.pfb><C:/Program Files/M
iKTeX 2.9/fonts/type1/public/amsfonts/cm/cmmi10.pfb><C:/Program Files/MiKTeX 2.
9/fonts/type1/public/amsfonts/cm/cmmi12.pfb><C:/Program Files/MiKTeX 2.9/fonts/
type1/public/amsfonts/cm/cmmi6.pfb><C:/Program Files/MiKTeX 2.9/fonts/type1/pub
lic/amsfonts/cm/cmmi8.pfb><C:/Program Files/MiKTeX 2.9/fonts/type1/public/amsfo
nts/cm/cmr10.pfb><C:/Program Files/MiKTeX 2.9/fonts/type1/public/amsfonts/cm/cm
r12.pfb><C:/Program Files/MiKTeX 2.9/fonts/type1/public/amsfonts/cm/cmr17.pfb><
C:/Program Files/MiKTeX 2.9/fonts/type1/public/amsfonts/cm/cmr8.pfb><C:/Program
 Files/MiKTeX 2.9/fonts/type1/public/amsfonts/cm/cmsy10.pfb><C:/Program Files/M
iKTeX 2.9/fonts/type1/public/amsfonts/cm/cmsy8.pfb><C:/Program Files/MiKTeX 2.9
/fonts/type1/public/amsfonts/cm/cmti12.pfb><C:/Program Files/MiKTeX 2.9/fonts/t
ype1/public/amsfonts/cm/cmtt12.pfb>
Output written on reportTemplate.pdf (45 pages, 860843 bytes).
PDF statistics:
 298 PDF objects out of 1000 (max. 8388607)
 0 named destinations out of 1000 (max. 500000)
 14447 words of extra memory for PDF output out of 17280 (max. 10000000)

